  Skeleton.cpp
C:\Users\Puluka\Desktop\Egyetem\4.félév\Grafika\1.Hf\grafika\Programs\Skeleton\Skeleton\framework.h(166,17): warning C4996: 'fopen': This function or variable may be unsafe. Consider using fopen_s instead. To disable deprecation, use _CRT_SECURE_NO_WARNINGS. See online help for details.
C:\Users\Puluka\Desktop\Egyetem\4.félév\Grafika\1.Hf\grafika\Programs\Skeleton\Skeleton\Skeleton.cpp(106,23): warning C4305: 'argument': truncation from 'double' to 'float'
C:\Users\Puluka\Desktop\Egyetem\4.félév\Grafika\1.Hf\grafika\Programs\Skeleton\Skeleton\Skeleton.cpp(244,12): warning C4244: 'initializing': conversion from 'double' to 'float', possible loss of data
C:\Users\Puluka\Desktop\Egyetem\4.félév\Grafika\1.Hf\grafika\Programs\Skeleton\Skeleton\Skeleton.cpp(264,12): warning C4244: 'initializing': conversion from 'double' to 'float', possible loss of data
C:\Users\Puluka\Desktop\Egyetem\4.félév\Grafika\1.Hf\grafika\Programs\Skeleton\Skeleton\Skeleton.cpp(300,13): warning C4244: 'initializing': conversion from 'double' to 'float', possible loss of data
C:\Users\Puluka\Desktop\Egyetem\4.félév\Grafika\1.Hf\grafika\Programs\Skeleton\Skeleton\Skeleton.cpp(304,18): warning C4244: 'initializing': conversion from 'double' to 'float', possible loss of data
C:\Users\Puluka\Desktop\Egyetem\4.félév\Grafika\1.Hf\grafika\Programs\Skeleton\Skeleton\Skeleton.cpp(487,13): warning C4244: 'initializing': conversion from 'double' to 'float', possible loss of data
C:\Users\Puluka\Desktop\Egyetem\4.félév\Grafika\1.Hf\grafika\Programs\Skeleton\Skeleton\Skeleton.cpp(494,24): warning C4244: 'argument': conversion from 'double' to 'float', possible loss of data
C:\Users\Puluka\Desktop\Egyetem\4.félév\Grafika\1.Hf\grafika\Programs\Skeleton\Skeleton\Skeleton.cpp(494,39): warning C4244: 'argument': conversion from 'double' to 'float', possible loss of data
C:\Users\Puluka\Desktop\Egyetem\4.félév\Grafika\1.Hf\grafika\Programs\Skeleton\Skeleton\Skeleton.cpp(497,25): warning C4244: 'argument': conversion from 'double' to 'float', possible loss of data
C:\Users\Puluka\Desktop\Egyetem\4.félév\Grafika\1.Hf\grafika\Programs\Skeleton\Skeleton\Skeleton.cpp(497,48): warning C4244: 'argument': conversion from 'double' to 'float', possible loss of data
C:\Users\Puluka\Desktop\Egyetem\4.félév\Grafika\1.Hf\grafika\Programs\Skeleton\Skeleton\Skeleton.cpp(498,25): warning C4244: 'argument': conversion from 'double' to 'float', possible loss of data
C:\Users\Puluka\Desktop\Egyetem\4.félév\Grafika\1.Hf\grafika\Programs\Skeleton\Skeleton\Skeleton.cpp(498,52): warning C4244: 'argument': conversion from 'double' to 'float', possible loss of data
C:\Users\Puluka\Desktop\Egyetem\4.félév\Grafika\1.Hf\grafika\Programs\Skeleton\Skeleton\Skeleton.cpp(502,14): warning C4244: 'initializing': conversion from 'double' to 'float', possible loss of data
C:\Users\Puluka\Desktop\Egyetem\4.félév\Grafika\1.Hf\grafika\Programs\Skeleton\Skeleton\Skeleton.cpp(506,27): warning C4244: 'argument': conversion from 'double' to 'float', possible loss of data
C:\Users\Puluka\Desktop\Egyetem\4.félév\Grafika\1.Hf\grafika\Programs\Skeleton\Skeleton\Skeleton.cpp(506,43): warning C4244: 'argument': conversion from 'double' to 'float', possible loss of data
C:\Users\Puluka\Desktop\Egyetem\4.félév\Grafika\1.Hf\grafika\Programs\Skeleton\Skeleton\Skeleton.cpp(507,21): warning C4244: 'argument': conversion from 'double' to 'float', possible loss of data
C:\Users\Puluka\Desktop\Egyetem\4.félév\Grafika\1.Hf\grafika\Programs\Skeleton\Skeleton\Skeleton.cpp(507,46): warning C4244: 'argument': conversion from 'double' to 'float', possible loss of data
C:\Users\Puluka\Desktop\Egyetem\4.félév\Grafika\1.Hf\grafika\Programs\Skeleton\Skeleton\Skeleton.cpp(509,14): warning C4244: 'initializing': conversion from 'double' to 'float', possible loss of data
C:\Users\Puluka\Desktop\Egyetem\4.félév\Grafika\1.Hf\grafika\Programs\Skeleton\Skeleton\Skeleton.cpp(513,28): warning C4244: 'argument': conversion from 'double' to 'float', possible loss of data
C:\Users\Puluka\Desktop\Egyetem\4.félév\Grafika\1.Hf\grafika\Programs\Skeleton\Skeleton\Skeleton.cpp(513,44): warning C4244: 'argument': conversion from 'double' to 'float', possible loss of data
C:\Users\Puluka\Desktop\Egyetem\4.félév\Grafika\1.Hf\grafika\Programs\Skeleton\Skeleton\Skeleton.cpp(514,22): warning C4244: 'argument': conversion from 'double' to 'float', possible loss of data
C:\Users\Puluka\Desktop\Egyetem\4.félév\Grafika\1.Hf\grafika\Programs\Skeleton\Skeleton\Skeleton.cpp(514,47): warning C4244: 'argument': conversion from 'double' to 'float', possible loss of data
C:\Users\Puluka\Desktop\Egyetem\4.félév\Grafika\1.Hf\grafika\Programs\Skeleton\Skeleton\Skeleton.cpp(534,13): warning C4244: 'initializing': conversion from 'double' to 'float', possible loss of data
C:\Users\Puluka\Desktop\Egyetem\4.félév\Grafika\1.Hf\grafika\Programs\Skeleton\Skeleton\Skeleton.cpp(540,29): warning C4244: 'argument': conversion from 'double' to 'float', possible loss of data
C:\Users\Puluka\Desktop\Egyetem\4.félév\Grafika\1.Hf\grafika\Programs\Skeleton\Skeleton\Skeleton.cpp(595,17): warning C4244: 'argument': conversion from 'int' to 'float', possible loss of data
C:\Users\Puluka\Desktop\Egyetem\4.félév\Grafika\1.Hf\grafika\Programs\Skeleton\Skeleton\Skeleton.cpp(616,2): warning C4060: switch statement contains no 'case' or 'default' labels
  Generating code
  0 of 175 functions ( 0.0%) were compiled, the rest were copied from previous compilation.
    0 functions were new in current compilation
    0 functions had inline decision re-evaluated but remain unchanged
  Finished generating code
  Skeleton.vcxproj -> C:\Users\Puluka\Desktop\Egyetem\4.félév\Grafika\1.Hf\grafika\Programs\Skeleton\bin\Skeleton.exe
